{"/home/zigzag/blog/src/app.js": {"path":"/home/zigzag/blog/src/app.js","statementMap":{"0":{"start":{"line":17,"column":19},"end":{"line":17,"column":49}},"1":{"start":{"line":18,"column":18},"end":{"line":18,"column":42}},"2":{"start":{"line":20,"column":28},"end":{"line":65,"column":1}},"3":{"start":{"line":21,"column":18},"end":{"line":23,"column":4}},"4":{"start":{"line":25,"column":2},"end":{"line":27,"column":5}},"5":{"start":{"line":26,"column":4},"end":{"line":26,"column":75}},"6":{"start":{"line":29,"column":2},"end":{"line":33,"column":5}},"7":{"start":{"line":30,"column":4},"end":{"line":32,"column":6}},"8":{"start":{"line":36,"column":2},"end":{"line":36,"column":38}},"9":{"start":{"line":37,"column":2},"end":{"line":41,"column":5}},"10":{"start":{"line":42,"column":2},"end":{"line":42,"column":42}},"11":{"start":{"line":43,"column":2},"end":{"line":43,"column":50}},"12":{"start":{"line":44,"column":2},"end":{"line":44,"column":42}},"13":{"start":{"line":46,"column":2},"end":{"line":53,"column":5}},"14":{"start":{"line":55,"column":2},"end":{"line":58,"column":5}},"15":{"start":{"line":60,"column":2},"end":{"line":60,"column":32}},"16":{"start":{"line":62,"column":2},"end":{"line":62,"column":33}},"17":{"start":{"line":64,"column":2},"end":{"line":64,"column":17}},"18":{"start":{"line":67,"column":14},"end":{"line":76,"column":1}},"19":{"start":{"line":68,"column":2},"end":{"line":75,"column":3}},"20":{"start":{"line":69,"column":19},"end":{"line":69,"column":39}},"21":{"start":{"line":70,"column":4},"end":{"line":70,"column":61}},"22":{"start":{"line":73,"column":4},"end":{"line":73,"column":23}},"23":{"start":{"line":74,"column":4},"end":{"line":74,"column":20}},"24":{"start":{"line":79,"column":0},"end":{"line":79,"column":8}}},"fnMap":{"0":{"name":"(anonymous_0)","decl":{"start":{"line":20,"column":28},"end":{"line":20,"column":29}},"loc":{"start":{"line":20,"column":40},"end":{"line":65,"column":1}},"line":20},"1":{"name":"(anonymous_1)","decl":{"start":{"line":25,"column":31},"end":{"line":25,"column":32}},"loc":{"start":{"line":25,"column":57},"end":{"line":27,"column":3}},"line":25},"2":{"name":"(anonymous_2)","decl":{"start":{"line":29,"column":32},"end":{"line":29,"column":33}},"loc":{"start":{"line":29,"column":58},"end":{"line":33,"column":3}},"line":29},"3":{"name":"(anonymous_3)","decl":{"start":{"line":67,"column":14},"end":{"line":67,"column":15}},"loc":{"start":{"line":67,"column":26},"end":{"line":76,"column":1}},"line":67}},"branchMap":{},"s":{"0":1,"1":1,"2":1,"3":2,"4":2,"5":24,"6":2,"7":24,"8":2,"9":2,"10":2,"11":2,"12":2,"13":2,"14":2,"15":2,"16":2,"17":2,"18":1,"19":1,"20":1,"21":1,"22":0,"23":0,"24":1},"f":{"0":2,"1":24,"2":24,"3":1},"b":{},"inputSourceMap":null,"_coverageSchema":"1a1c01bbd47fc00a2c39e90264f33305004495a9","hash":"22d31d5663593570ac2e87e0419da822e0800805"}
,"/home/zigzag/blog/src/config/db.js": {"path":"/home/zigzag/blog/src/config/db.js","statementMap":{"0":{"start":{"line":6,"column":17},"end":{"line":6,"column":42}},"1":{"start":{"line":7,"column":13},"end":{"line":7,"column":59}},"2":{"start":{"line":9,"column":2},"end":{"line":17,"column":5}},"3":{"start":{"line":19,"column":2},"end":{"line":19,"column":29}},"4":{"start":{"line":21,"column":2},"end":{"line":24,"column":5}},"5":{"start":{"line":22,"column":4},"end":{"line":22,"column":15}},"6":{"start":{"line":23,"column":4},"end":{"line":23,"column":11}},"7":{"start":{"line":26,"column":2},"end":{"line":26,"column":63}}},"fnMap":{"0":{"name":"dbConnector","decl":{"start":{"line":5,"column":15},"end":{"line":5,"column":26}},"loc":{"start":{"line":5,"column":45},"end":{"line":27,"column":1}},"line":5},"1":{"name":"(anonymous_1)","decl":{"start":{"line":21,"column":29},"end":{"line":21,"column":30}},"loc":{"start":{"line":21,"column":48},"end":{"line":24,"column":3}},"line":21}},"branchMap":{"0":{"loc":{"start":{"line":6,"column":17},"end":{"line":6,"column":42}},"type":"binary-expr","locations":[{"start":{"line":6,"column":17},"end":{"line":6,"column":27}},{"start":{"line":6,"column":31},"end":{"line":6,"column":42}}],"line":6}},"s":{"0":2,"1":2,"2":2,"3":2,"4":2,"5":1,"6":1,"7":2},"f":{"0":2,"1":1},"b":{"0":[2,0]},"inputSourceMap":null,"_coverageSchema":"1a1c01bbd47fc00a2c39e90264f33305004495a9","hash":"dfc40d05cee0d82527aef0e397aa9d1b0a1c035d"}
,"/home/zigzag/blog/src/config/env.js": {"path":"/home/zigzag/blog/src/config/env.js","statementMap":{"0":{"start":{"line":4,"column":15},"end":{"line":26,"column":1}},"1":{"start":{"line":28,"column":15},"end":{"line":33,"column":2}},"2":{"start":{"line":35,"column":18},"end":{"line":40,"column":1}}},"fnMap":{},"branchMap":{},"s":{"0":1,"1":1,"2":1},"f":{},"b":{},"inputSourceMap":null,"_coverageSchema":"1a1c01bbd47fc00a2c39e90264f33305004495a9","hash":"ee7d25a7eac853a9e2b5a1b8b6cfa2d64020ac43"}
,"/home/zigzag/blog/src/config/logger.js": {"path":"/home/zigzag/blog/src/config/logger.js","statementMap":{"0":{"start":{"line":4,"column":21},"end":{"line":15,"column":1}}},"fnMap":{},"branchMap":{"0":{"loc":{"start":{"line":6,"column":6},"end":{"line":14,"column":3}},"type":"binary-expr","locations":[{"start":{"line":6,"column":6},"end":{"line":6,"column":35}},{"start":{"line":6,"column":39},"end":{"line":14,"column":3}}],"line":6}},"s":{"0":1},"f":{},"b":{"0":[1,0]},"inputSourceMap":null,"_coverageSchema":"1a1c01bbd47fc00a2c39e90264f33305004495a9","hash":"9fa1741c7cfe9b43c921b0d7fc8d11ab2d0ffa79"}
,"/home/zigzag/blog/src/controllers/createPost.controller.js": {"path":"/home/zigzag/blog/src/controllers/createPost.controller.js","statementMap":{"0":{"start":{"line":4,"column":12},"end":{"line":4,"column":21}},"1":{"start":{"line":6,"column":19},"end":{"line":19,"column":1}},"2":{"start":{"line":21,"column":21},"end":{"line":21,"column":44}},"3":{"start":{"line":24,"column":2},"end":{"line":24,"column":57}},"4":{"start":{"line":28,"column":29},"end":{"line":28,"column":41}},"5":{"start":{"line":30,"column":16},"end":{"line":30,"column":48}},"6":{"start":{"line":31,"column":2},"end":{"line":36,"column":3}},"7":{"start":{"line":32,"column":4},"end":{"line":35,"column":7}},"8":{"start":{"line":38,"column":15},"end":{"line":38,"column":60}},"9":{"start":{"line":39,"column":17},"end":{"line":39,"column":31}},"10":{"start":{"line":41,"column":26},"end":{"line":43,"column":3}},"11":{"start":{"line":44,"column":2},"end":{"line":44,"column":44}},"12":{"start":{"line":46,"column":2},"end":{"line":46,"column":29}}},"fnMap":{"0":{"name":"getNewPost","decl":{"start":{"line":23,"column":16},"end":{"line":23,"column":26}},"loc":{"start":{"line":23,"column":43},"end":{"line":25,"column":1}},"line":23},"1":{"name":"createPost","decl":{"start":{"line":27,"column":16},"end":{"line":27,"column":26}},"loc":{"start":{"line":27,"column":43},"end":{"line":47,"column":1}},"line":27}},"branchMap":{"0":{"loc":{"start":{"line":31,"column":2},"end":{"line":36,"column":3}},"type":"if","locations":[{"start":{"line":31,"column":2},"end":{"line":36,"column":3}},{"start":{},"end":{}}],"line":31}},"s":{"0":2,"1":2,"2":2,"3":2,"4":24,"5":24,"6":24,"7":9,"8":15,"9":15,"10":15,"11":15,"12":7},"f":{"0":2,"1":24},"b":{"0":[9,15]},"inputSourceMap":null,"_coverageSchema":"1a1c01bbd47fc00a2c39e90264f33305004495a9","hash":"e5da0a145560310486515a9d9d79fe96fad212a8"}
,"/home/zigzag/blog/src/controllers/deletePost.controller.js": {"path":"/home/zigzag/blog/src/controllers/deletePost.controller.js","statementMap":{"0":{"start":{"line":2,"column":19},"end":{"line":2,"column":33}},"1":{"start":{"line":3,"column":17},"end":{"line":3,"column":31}},"2":{"start":{"line":5,"column":26},"end":{"line":5,"column":72}},"3":{"start":{"line":6,"column":2},"end":{"line":6,"column":28}},"4":{"start":{"line":8,"column":2},"end":{"line":8,"column":29}}},"fnMap":{"0":{"name":"deletePost","decl":{"start":{"line":1,"column":16},"end":{"line":1,"column":26}},"loc":{"start":{"line":1,"column":43},"end":{"line":9,"column":1}},"line":1}},"branchMap":{},"s":{"0":2,"1":2,"2":2,"3":2,"4":2},"f":{"0":2},"b":{},"inputSourceMap":null,"_coverageSchema":"1a1c01bbd47fc00a2c39e90264f33305004495a9","hash":"176136ea7e01ffe20b8a61b8846bd51284b54b64"}
,"/home/zigzag/blog/src/controllers/editPost.controller.js": {"path":"/home/zigzag/blog/src/controllers/editPost.controller.js","statementMap":{"0":{"start":{"line":4,"column":19},"end":{"line":4,"column":33}},"1":{"start":{"line":5,"column":17},"end":{"line":5,"column":31}},"2":{"start":{"line":6,"column":15},"end":{"line":6,"column":73}},"3":{"start":{"line":8,"column":2},"end":{"line":10,"column":3}},"4":{"start":{"line":9,"column":4},"end":{"line":9,"column":63}},"5":{"start":{"line":12,"column":2},"end":{"line":12,"column":58}},"6":{"start":{"line":16,"column":19},"end":{"line":16,"column":33}},"7":{"start":{"line":17,"column":29},"end":{"line":17,"column":41}},"8":{"start":{"line":18,"column":18},"end":{"line":18,"column":63}},"9":{"start":{"line":19,"column":17},"end":{"line":19,"column":31}},"10":{"start":{"line":21,"column":26},"end":{"line":23,"column":3}},"11":{"start":{"line":25,"column":2},"end":{"line":25,"column":53}},"12":{"start":{"line":27,"column":2},"end":{"line":27,"column":44}}},"fnMap":{"0":{"name":"getEditPost","decl":{"start":{"line":3,"column":16},"end":{"line":3,"column":27}},"loc":{"start":{"line":3,"column":44},"end":{"line":13,"column":1}},"line":3},"1":{"name":"editPost","decl":{"start":{"line":15,"column":16},"end":{"line":15,"column":24}},"loc":{"start":{"line":15,"column":41},"end":{"line":28,"column":1}},"line":15}},"branchMap":{"0":{"loc":{"start":{"line":8,"column":2},"end":{"line":10,"column":3}},"type":"if","locations":[{"start":{"line":8,"column":2},"end":{"line":10,"column":3}},{"start":{},"end":{}}],"line":8}},"s":{"0":4,"1":4,"2":4,"3":4,"4":2,"5":2,"6":12,"7":12,"8":12,"9":12,"10":12,"11":12,"12":11},"f":{"0":4,"1":12},"b":{"0":[2,2]},"inputSourceMap":null,"_coverageSchema":"1a1c01bbd47fc00a2c39e90264f33305004495a9","hash":"937419eb811fe5245639150041cc3ce9feb8b151"}
,"/home/zigzag/blog/src/controllers/getPost.controller.js": {"path":"/home/zigzag/blog/src/controllers/getPost.controller.js","statementMap":{"0":{"start":{"line":2,"column":19},"end":{"line":2,"column":33}},"1":{"start":{"line":3,"column":17},"end":{"line":3,"column":31}},"2":{"start":{"line":4,"column":15},"end":{"line":4,"column":73}},"3":{"start":{"line":6,"column":2},"end":{"line":8,"column":3}},"4":{"start":{"line":7,"column":4},"end":{"line":7,"column":63}},"5":{"start":{"line":10,"column":2},"end":{"line":10,"column":57}}},"fnMap":{"0":{"name":"getPost","decl":{"start":{"line":1,"column":16},"end":{"line":1,"column":23}},"loc":{"start":{"line":1,"column":40},"end":{"line":11,"column":1}},"line":1}},"branchMap":{"0":{"loc":{"start":{"line":6,"column":2},"end":{"line":8,"column":3}},"type":"if","locations":[{"start":{"line":6,"column":2},"end":{"line":8,"column":3}},{"start":{},"end":{}}],"line":6}},"s":{"0":13,"1":13,"2":13,"3":13,"4":4,"5":9},"f":{"0":13},"b":{"0":[4,9]},"inputSourceMap":null,"_coverageSchema":"1a1c01bbd47fc00a2c39e90264f33305004495a9","hash":"ce013417e34dce42dd8651475867b5de908b0a0e"}
,"/home/zigzag/blog/src/controllers/root.controller.js": {"path":"/home/zigzag/blog/src/controllers/root.controller.js","statementMap":{"0":{"start":{"line":1,"column":23},"end":{"line":1,"column":24}},"1":{"start":{"line":4,"column":15},"end":{"line":4,"column":48}},"2":{"start":{"line":5,"column":17},"end":{"line":5,"column":31}},"3":{"start":{"line":7,"column":17},"end":{"line":7,"column":44}},"4":{"start":{"line":9,"column":22},"end":{"line":9,"column":77}},"5":{"start":{"line":10,"column":21},"end":{"line":10,"column":38}},"6":{"start":{"line":11,"column":21},"end":{"line":11,"column":59}},"7":{"start":{"line":13,"column":16},"end":{"line":15,"column":31}},"8":{"start":{"line":17,"column":2},"end":{"line":23,"column":5}},"9":{"start":{"line":27,"column":4},"end":{"line":27,"column":17}}},"fnMap":{"0":{"name":"getRoot","decl":{"start":{"line":3,"column":16},"end":{"line":3,"column":23}},"loc":{"start":{"line":3,"column":40},"end":{"line":24,"column":1}},"line":3},"1":{"name":"sum","decl":{"start":{"line":26,"column":16},"end":{"line":26,"column":19}},"loc":{"start":{"line":26,"column":34},"end":{"line":28,"column":1}},"line":26}},"branchMap":{"0":{"loc":{"start":{"line":4,"column":15},"end":{"line":4,"column":48}},"type":"binary-expr","locations":[{"start":{"line":4,"column":15},"end":{"line":4,"column":43}},{"start":{"line":4,"column":47},"end":{"line":4,"column":48}}],"line":4},"1":{"loc":{"start":{"line":26,"column":20},"end":{"line":26,"column":25}},"type":"default-arg","locations":[{"start":{"line":26,"column":24},"end":{"line":26,"column":25}}],"line":26},"2":{"loc":{"start":{"line":26,"column":27},"end":{"line":26,"column":32}},"type":"default-arg","locations":[{"start":{"line":26,"column":31},"end":{"line":26,"column":32}}],"line":26}},"s":{"0":2,"1":2,"2":2,"3":2,"4":2,"5":2,"6":2,"7":2,"8":2,"9":3},"f":{"0":2,"1":3},"b":{"0":[2,2],"1":[1],"2":[1]},"inputSourceMap":null,"_coverageSchema":"1a1c01bbd47fc00a2c39e90264f33305004495a9","hash":"5e4d41bf5ff5c7e7a907474e51388b43637d1e8f"}
,"/home/zigzag/blog/src/controllers/searchPost.controller.js": {"path":"/home/zigzag/blog/src/controllers/searchPost.controller.js","statementMap":{"0":{"start":{"line":1,"column":23},"end":{"line":1,"column":24}},"1":{"start":{"line":4,"column":16},"end":{"line":4,"column":29}},"2":{"start":{"line":5,"column":15},"end":{"line":5,"column":48}},"3":{"start":{"line":6,"column":17},"end":{"line":6,"column":44}},"4":{"start":{"line":7,"column":17},"end":{"line":7,"column":31}},"5":{"start":{"line":9,"column":14},"end":{"line":9,"column":16}},"6":{"start":{"line":10,"column":18},"end":{"line":10,"column":20}},"7":{"start":{"line":11,"column":14},"end":{"line":11,"column":15}},"8":{"start":{"line":13,"column":2},"end":{"line":36,"column":3}},"9":{"start":{"line":14,"column":23},"end":{"line":14,"column":31}},"10":{"start":{"line":16,"column":24},"end":{"line":18,"column":21}},"11":{"start":{"line":19,"column":4},"end":{"line":19,"column":30}},"12":{"start":{"line":21,"column":4},"end":{"line":23,"column":46}},"13":{"start":{"line":25,"column":4},"end":{"line":25,"column":42}},"14":{"start":{"line":28,"column":24},"end":{"line":28,"column":79}},"15":{"start":{"line":29,"column":4},"end":{"line":29,"column":30}},"16":{"start":{"line":31,"column":4},"end":{"line":33,"column":34}},"17":{"start":{"line":35,"column":4},"end":{"line":35,"column":33}},"18":{"start":{"line":38,"column":21},"end":{"line":38,"column":54}},"19":{"start":{"line":40,"column":2},"end":{"line":46,"column":5}}},"fnMap":{"0":{"name":"searchPost","decl":{"start":{"line":3,"column":16},"end":{"line":3,"column":26}},"loc":{"start":{"line":3,"column":43},"end":{"line":47,"column":1}},"line":3}},"branchMap":{"0":{"loc":{"start":{"line":5,"column":15},"end":{"line":5,"column":48}},"type":"binary-expr","locations":[{"start":{"line":5,"column":15},"end":{"line":5,"column":43}},{"start":{"line":5,"column":47},"end":{"line":5,"column":48}}],"line":5},"1":{"loc":{"start":{"line":13,"column":2},"end":{"line":36,"column":3}},"type":"if","locations":[{"start":{"line":13,"column":2},"end":{"line":36,"column":3}},{"start":{"line":27,"column":9},"end":{"line":36,"column":3}}],"line":13},"2":{"loc":{"start":{"line":13,"column":6},"end":{"line":13,"column":26}},"type":"binary-expr","locations":[{"start":{"line":13,"column":6},"end":{"line":13,"column":7}},{"start":{"line":13,"column":11},"end":{"line":13,"column":26}}],"line":13}},"s":{"0":2,"1":4,"2":4,"3":4,"4":4,"5":4,"6":4,"7":4,"8":4,"9":2,"10":2,"11":2,"12":2,"13":2,"14":2,"15":2,"16":2,"17":2,"18":4,"19":4},"f":{"0":4},"b":{"0":[4,4],"1":[2,2],"2":[4,2]},"inputSourceMap":null,"_coverageSchema":"1a1c01bbd47fc00a2c39e90264f33305004495a9","hash":"debcb3c9e2723167702df360e0c8a9f05ebc2466"}
,"/home/zigzag/blog/src/middleware/error.js": {"path":"/home/zigzag/blog/src/middleware/error.js","statementMap":{"0":{"start":{"line":4,"column":19},"end":{"line":4,"column":22}},"1":{"start":{"line":5,"column":16},"end":{"line":5,"column":39}},"2":{"start":{"line":7,"column":2},"end":{"line":13,"column":3}},"3":{"start":{"line":8,"column":4},"end":{"line":8,"column":21}},"4":{"start":{"line":9,"column":4},"end":{"line":9,"column":33}},"5":{"start":{"line":10,"column":4},"end":{"line":10,"column":21}},"6":{"start":{"line":12,"column":4},"end":{"line":12,"column":22}},"7":{"start":{"line":15,"column":19},"end":{"line":18,"column":3}},"8":{"start":{"line":20,"column":2},"end":{"line":20,"column":40}}},"fnMap":{"0":{"name":"errorHandler","decl":{"start":{"line":3,"column":9},"end":{"line":3,"column":21}},"loc":{"start":{"line":3,"column":39},"end":{"line":21,"column":1}},"line":3}},"branchMap":{"0":{"loc":{"start":{"line":7,"column":2},"end":{"line":13,"column":3}},"type":"if","locations":[{"start":{"line":7,"column":2},"end":{"line":13,"column":3}},{"start":{"line":11,"column":9},"end":{"line":13,"column":3}}],"line":7}},"s":{"0":9,"1":9,"2":9,"3":0,"4":0,"5":0,"6":9,"7":0,"8":0},"f":{"0":9},"b":{"0":[0,9]},"inputSourceMap":null,"_coverageSchema":"1a1c01bbd47fc00a2c39e90264f33305004495a9","hash":"6e28375940e36f83a1b2f1e885102ba27d3061f6"}
,"/home/zigzag/blog/src/routes/routes.js": {"path":"/home/zigzag/blog/src/routes/routes.js","statementMap":{"0":{"start":{"line":13,"column":2},"end":{"line":13,"column":28}},"1":{"start":{"line":15,"column":2},"end":{"line":15,"column":37}},"2":{"start":{"line":17,"column":2},"end":{"line":27,"column":4}},"3":{"start":{"line":19,"column":8},"end":{"line":19,"column":43}},"4":{"start":{"line":20,"column":8},"end":{"line":20,"column":41}},"5":{"start":{"line":21,"column":8},"end":{"line":21,"column":42}},"6":{"start":{"line":22,"column":8},"end":{"line":22,"column":51}},"7":{"start":{"line":23,"column":8},"end":{"line":23,"column":49}},"8":{"start":{"line":24,"column":8},"end":{"line":24,"column":53}},"9":{"start":{"line":28,"column":2},"end":{"line":28,"column":40}}},"fnMap":{"0":{"name":"routes","decl":{"start":{"line":12,"column":30},"end":{"line":12,"column":36}},"loc":{"start":{"line":12,"column":55},"end":{"line":29,"column":1}},"line":12},"1":{"name":"(anonymous_1)","decl":{"start":{"line":18,"column":4},"end":{"line":18,"column":5}},"loc":{"start":{"line":18,"column":32},"end":{"line":25,"column":5}},"line":18}},"branchMap":{},"s":{"0":2,"1":2,"2":2,"3":2,"4":2,"5":2,"6":2,"7":2,"8":2,"9":2},"f":{"0":2,"1":2},"b":{},"inputSourceMap":null,"_coverageSchema":"1a1c01bbd47fc00a2c39e90264f33305004495a9","hash":"86b0ec001664d5962bf9b9973a256f84dad28b93"}
}
