TN:
SF:src/app.js
FN:20,(anonymous_0)
FN:25,(anonymous_1)
FN:29,(anonymous_2)
FN:67,(anonymous_3)
FNF:4
FNH:4
FNDA:2,(anonymous_0)
FNDA:24,(anonymous_1)
FNDA:24,(anonymous_2)
FNDA:1,(anonymous_3)
DA:17,1
DA:18,1
DA:20,1
DA:21,2
DA:25,2
DA:26,24
DA:29,2
DA:30,24
DA:36,2
DA:37,2
DA:42,2
DA:43,2
DA:44,2
DA:46,2
DA:55,2
DA:60,2
DA:62,2
DA:64,2
DA:67,1
DA:68,1
DA:69,1
DA:70,1
DA:73,0
DA:74,0
DA:79,1
LF:25
LH:23
BRF:0
BRH:0
end_of_record
TN:
SF:src/config/db.js
FN:5,dbConnector
FN:21,(anonymous_1)
FNF:2
FNH:2
FNDA:2,dbConnector
FNDA:1,(anonymous_1)
DA:6,2
DA:7,2
DA:9,2
DA:19,2
DA:21,2
DA:22,1
DA:23,1
DA:26,2
LF:8
LH:8
BRDA:6,0,0,2
BRDA:6,0,1,0
BRF:2
BRH:1
end_of_record
TN:
SF:src/config/env.js
FNF:0
FNH:0
DA:4,1
DA:28,1
DA:35,1
LF:3
LH:3
BRF:0
BRH:0
end_of_record
TN:
SF:src/config/logger.js
FNF:0
FNH:0
DA:4,1
LF:1
LH:1
BRDA:6,0,0,1
BRDA:6,0,1,0
BRF:2
BRH:1
end_of_record
TN:
SF:src/controllers/createPost.controller.js
FN:23,getNewPost
FN:27,createPost
FNF:2
FNH:2
FNDA:2,getNewPost
FNDA:24,createPost
DA:4,2
DA:6,2
DA:21,2
DA:24,2
DA:28,24
DA:30,24
DA:31,24
DA:32,9
DA:38,15
DA:39,15
DA:41,15
DA:44,15
DA:46,7
LF:13
LH:13
BRDA:31,0,0,9
BRDA:31,0,1,15
BRF:2
BRH:2
end_of_record
TN:
SF:src/controllers/deletePost.controller.js
FN:1,deletePost
FNF:1
FNH:1
FNDA:2,deletePost
DA:2,2
DA:3,2
DA:5,2
DA:6,2
DA:8,2
LF:5
LH:5
BRF:0
BRH:0
end_of_record
TN:
SF:src/controllers/editPost.controller.js
FN:3,getEditPost
FN:15,editPost
FNF:2
FNH:2
FNDA:4,getEditPost
FNDA:12,editPost
DA:4,4
DA:5,4
DA:6,4
DA:8,4
DA:9,2
DA:12,2
DA:16,12
DA:17,12
DA:18,12
DA:19,12
DA:21,12
DA:25,12
DA:27,11
LF:13
LH:13
BRDA:8,0,0,2
BRDA:8,0,1,2
BRF:2
BRH:2
end_of_record
TN:
SF:src/controllers/getPost.controller.js
FN:1,getPost
FNF:1
FNH:1
FNDA:13,getPost
DA:2,13
DA:3,13
DA:4,13
DA:6,13
DA:7,4
DA:10,9
LF:6
LH:6
BRDA:6,0,0,4
BRDA:6,0,1,9
BRF:2
BRH:2
end_of_record
TN:
SF:src/controllers/root.controller.js
FN:3,getRoot
FN:26,sum
FNF:2
FNH:2
FNDA:2,getRoot
FNDA:3,sum
DA:1,2
DA:4,2
DA:5,2
DA:7,2
DA:9,2
DA:10,2
DA:11,2
DA:13,2
DA:17,2
DA:27,3
LF:10
LH:10
BRDA:4,0,0,2
BRDA:4,0,1,2
BRDA:26,1,0,1
BRDA:26,2,0,1
BRF:4
BRH:4
end_of_record
TN:
SF:src/controllers/searchPost.controller.js
FN:3,searchPost
FNF:1
FNH:1
FNDA:4,searchPost
DA:1,2
DA:4,4
DA:5,4
DA:6,4
DA:7,4
DA:9,4
DA:10,4
DA:11,4
DA:13,4
DA:14,2
DA:16,2
DA:19,2
DA:21,2
DA:25,2
DA:28,2
DA:29,2
DA:31,2
DA:35,2
DA:38,4
DA:40,4
LF:20
LH:20
BRDA:5,0,0,4
BRDA:5,0,1,4
BRDA:13,1,0,2
BRDA:13,1,1,2
BRDA:13,2,0,4
BRDA:13,2,1,2
BRF:6
BRH:6
end_of_record
TN:
SF:src/middleware/error.js
FN:3,errorHandler
FNF:1
FNH:1
FNDA:9,errorHandler
DA:4,9
DA:5,9
DA:7,9
DA:8,0
DA:9,0
DA:10,0
DA:12,9
DA:15,0
DA:20,0
LF:9
LH:4
BRDA:7,0,0,0
BRDA:7,0,1,9
BRF:2
BRH:1
end_of_record
TN:
SF:src/routes/routes.js
FN:12,routes
FN:18,(anonymous_1)
FNF:2
FNH:2
FNDA:2,routes
FNDA:2,(anonymous_1)
DA:13,2
DA:15,2
DA:17,2
DA:19,2
DA:20,2
DA:21,2
DA:22,2
DA:23,2
DA:24,2
DA:28,2
LF:10
LH:10
BRF:0
BRH:0
end_of_record
